<?xml version="1.0" encoding="utf-8"?>
	<testsuite name="DefaultSuite" tests="0" failures="0" skips="0" errors="0" time="0.007" timestamp="2021-05-24 14:29:14.257332">
		<testcase name="OnlineStore.src.presentation_layer.main" classname="">
			<error message="Working outside of request context.

This typically means that you attempted to use functionality that needed
an active HTTP request.  Consult the documentation on testing for
information about how to avoid this problem." type="collect_error"></error>
		</testcase>
	</testsuite>
